<?xml version="1.0" encoding="UTF-8"?>
<!-- Generated by org.testng.reporters.JUnitReportReporter -->
<testsuite hostname="LAPTOP-31ESQKD1" failures="0" tests="1" name="serial_parallel_testng.flifcart" time="12.290" errors="0" timestamp="2024-01-05T10:13:10 IST" skipped="0">
  <testcase classname="serial_parallel_testng.flifcart" name="flipkartTest" time="12.290"/>
</testsuite> <!-- serial_parallel_testng.flifcart -->
