<?xml version="1.0" encoding="UTF-8"?>
<!-- Generated by org.testng.reporters.JUnitReportReporter -->
<testsuite hostname="LAPTOP-31ESQKD1" failures="0" tests="2" name="testNG_study.NewTestAnnotations" time="0.032" errors="0" timestamp="2024-01-03T11:30:33 IST" skipped="0">
  <testcase classname="testNG_study.NewTestAnnotations" name="TC1" time="0.018">
    <system-out>
      <![CDATA[Tc1 method is running]]>
    </system-out>
  </testcase> <!-- TC1 -->
  <testcase classname="testNG_study.NewTestAnnotations" name="TC2" time="0.014">
    <system-out>
      <![CDATA[Tc2 my method is running]]>
    </system-out>
  </testcase> <!-- TC2 -->
  <system-out>
    <![CDATA[Before suite is running
Open browser before class
Before method is running
Tc1 method is running
Logout is done
Before method is running
Tc2 my method is running
Logout is done
close browser-->after class
After Suite is running]]>
  </system-out>
</testsuite> <!-- testNG_study.NewTestAnnotations -->
