<?xml version="1.0" encoding="UTF-8"?>
<!-- Generated by org.testng.reporters.JUnitReportReporter -->
<testsuite hostname="LAPTOP-31ESQKD1" failures="0" tests="1" name="serial_parallel_testng.amazon" time="14.079" errors="0" timestamp="2024-01-05T10:13:09 IST" skipped="0">
  <testcase classname="serial_parallel_testng.amazon" name="amazonTest" time="14.079"/>
</testsuite> <!-- serial_parallel_testng.amazon -->
