<?xml version="1.0" encoding="UTF-8"?>
<!-- Generated by org.testng.reporters.JUnitReportReporter -->
<testsuite hostname="LAPTOP-31ESQKD1" failures="0" tests="3" name="testNG_study.TestNGClass" time="24.230" errors="0" timestamp="2024-01-03T09:24:17 IST" skipped="0">
  <testcase classname="testNG_study.TestNGClass" name="instalaunch" time="5.814">
    <system-out>
      <![CDATA[Insta launching]]>
    </system-out>
  </testcase> <!-- instalaunch -->
  <testcase classname="testNG_study.TestNGClass" name="f" time="0.026">
    <system-out>
      <![CDATA[Hi this is reporter, without boolean parameter
HI yjis is Reporter, with boolean parameter]]>
    </system-out>
  </testcase> <!-- f -->
  <testcase classname="testNG_study.TestNGClass" name="fblaunch" time="18.390">
    <system-out>
      <![CDATA[fb launching]]>
    </system-out>
  </testcase> <!-- fblaunch -->
  <system-out>
    <![CDATA[Hi this is reporter, without boolean parameter
HI yjis is Reporter, with boolean parameter
fb launching
Insta launching]]>
  </system-out>
</testsuite> <!-- testNG_study.TestNGClass -->
