<?xml version="1.0" encoding="UTF-8"?>
<!-- Generated by org.testng.reporters.JUnitReportReporter -->
<testsuite hostname="LAPTOP-31ESQKD1" failures="0" tests="1" name="testng_failedtestcase.Failedtestcase" time="0.015" errors="0" timestamp="2024-01-05T09:35:27 IST" skipped="0">
  <testcase classname="testng_failedtestcase.Failedtestcase" name="TC2" time="0.015">
    <system-out>
      <![CDATA[TC2 is running]]>
    </system-out>
  </testcase> <!-- TC2 -->
  <system-out>
    <![CDATA[TC2 is running]]>
  </system-out>
</testsuite> <!-- testng_failedtestcase.Failedtestcase -->
