<?xml version="1.0" encoding="UTF-8"?>
<!-- Generated by org.testng.reporters.JUnitReportReporter -->
<testsuite hostname="LAPTOP-31ESQKD1" failures="0" tests="2" name="testNG_study.NewTest1" time="0.019" errors="0" timestamp="2024-01-04T12:15:12 IST" skipped="0">
  <testcase classname="testNG_study.NewTest1" name="TC2" time="0.008">
    <system-out>
      <![CDATA[TC2 is running]]>
    </system-out>
  </testcase> <!-- TC2 -->
  <testcase classname="testNG_study.NewTest1" name="TC1" time="0.011">
    <system-out>
      <![CDATA[TC1 is running]]>
    </system-out>
  </testcase> <!-- TC1 -->
  <system-out>
    <![CDATA[Before suite is running
Before test is running
Before class is runing
Before method is running
TC1 is running
After method is running
Before method is running
TC2 is running
After method is running
afterClass class is runing
Before class is running
Before method is running
TC3 is running
After method id running
Before method is running
TC4 is running
After method id running
afterClass class is runing
After Suite is running]]>
  </system-out>
</testsuite> <!-- testNG_study.NewTest1 -->
